# JRE version: OpenJDK Runtime Environment (8.0_345-b01) (build 1.8.0_345-b01)
# Java VM: OpenJDK 64-Bit Server VM (25.345-b01 mixed mode linux-amd64 compressed oops)
Heap:
 PSYoungGen      total 157184K, used 67639K [0x00000000f5580000, 0x0000000100000000, 0x0000000100000000)
  eden space 143872K, 37% used [0x00000000f5580000,0x00000000f8a8f450,0x00000000fe200000)
  from space 13312K, 99% used [0x00000000ff180000,0x00000000ffe7eb58,0x00000000ffe80000)
  to   space 15360K, 0% used [0x00000000fe200000,0x00000000fe200000,0x00000000ff100000)
 ParOldGen       total 175104K, used 17818K [0x00000000e0000000, 0x00000000eab00000, 0x00000000f5580000)
  object space 175104K, 10% used [0x00000000e0000000,0x00000000e11668d0,0x00000000eab00000)
 Metaspace       used 52071K, capacity 54900K, committed 55168K, reserved 1095680K
  class space    used 7449K, capacity 7974K, committed 8064K, reserved 1048576K
GC Heap History (10 events):
Event: 5,333 GC heap before
{Heap before GC invocations=6 (full 1):
 PSYoungGen      total 141824K, used 131072K [0x00000000f5580000, 0x00000000fea80000, 0x0000000100000000)
  eden space 131072K, 100% used [0x00000000f5580000,0x00000000fd580000,0x00000000fd580000)
  from space 10752K, 0% used [0x00000000fe000000,0x00000000fe000000,0x00000000fea80000)
  to   space 10752K, 0% used [0x00000000fd580000,0x00000000fd580000,0x00000000fe000000)
 ParOldGen       total 175104K, used 8967K [0x00000000e0000000, 0x00000000eab00000, 0x00000000f5580000)
  object space 175104K, 5% used [0x00000000e0000000,0x00000000e08c1de8,0x00000000eab00000)
 Metaspace       used 32082K, capacity 33462K, committed 33536K, reserved 1077248K
  class space    used 4562K, capacity 4855K, committed 4864K, reserved 1048576K
Event: 5,354 GC heap after
Heap after GC invocations=6 (full 1):
 PSYoungGen      total 141824K, used 10748K [0x00000000f5580000, 0x0000000100000000, 0x0000000100000000)
  eden space 131072K, 0% used [0x00000000f5580000,0x00000000f5580000,0x00000000fd580000)
  from space 10752K, 99% used [0x00000000fd580000,0x00000000fdfff098,0x00000000fe000000)
  to   space 14336K, 0% used [0x00000000ff200000,0x00000000ff200000,0x0000000100000000)
 ParOldGen       total 175104K, used 11593K [0x00000000e0000000, 0x00000000eab00000, 0x00000000f5580000)
  object space 175104K, 6% used [0x00000000e0000000,0x00000000e0b52510,0x00000000eab00000)
 Metaspace       used 32082K, capacity 33462K, committed 33536K, reserved 1077248K
  class space    used 4562K, capacity 4855K, committed 4864K, reserved 1048576K
}
Event: 5,681 GC heap before
{Heap before GC invocations=7 (full 1):
 PSYoungGen      total 141824K, used 46741K [0x00000000f5580000, 0x0000000100000000, 0x0000000100000000)
  eden space 131072K, 27% used [0x00000000f5580000,0x00000000f78a6660,0x00000000fd580000)
  from space 10752K, 99% used [0x00000000fd580000,0x00000000fdfff098,0x00000000fe000000)
  to   space 14336K, 0% used [0x00000000ff200000,0x00000000ff200000,0x0000000100000000)
 ParOldGen       total 175104K, used 11593K [0x00000000e0000000, 0x00000000eab00000, 0x00000000f5580000)
  object space 175104K, 6% used [0x00000000e0000000,0x00000000e0b52510,0x00000000eab00000)
 Metaspace       used 33877K, capacity 35338K, committed 35416K, reserved 1079296K
  class space    used 4832K, capacity 5104K, committed 5120K, reserved 1048576K
Event: 5,692 GC heap after
Heap after GC invocations=7 (full 1):
 PSYoungGen      total 160768K, used 8741K [0x00000000f5580000, 0x0000000100000000, 0x0000000100000000)
  eden space 146432K, 0% used [0x00000000f5580000,0x00000000f5580000,0x00000000fe480000)
  from space 14336K, 60% used [0x00000000ff200000,0x00000000ffa89530,0x0000000100000000)
  to   space 13824K, 0% used [0x00000000fe480000,0x00000000fe480000,0x00000000ff200000)
 ParOldGen       total 175104K, used 11601K [0x00000000e0000000, 0x00000000eab00000, 0x00000000f5580000)
  object space 175104K, 6% used [0x00000000e0000000,0x00000000e0b54510,0x00000000eab00000)
 Metaspace       used 33877K, capacity 35338K, committed 35416K, reserved 1079296K
  class space    used 4832K, capacity 5104K, committed 5120K, reserved 1048576K
}
Event: 5,692 GC heap before
{Heap before GC invocations=8 (full 2):
 PSYoungGen      total 160768K, used 8741K [0x00000000f5580000, 0x0000000100000000, 0x0000000100000000)
  eden space 146432K, 0% used [0x00000000f5580000,0x00000000f5580000,0x00000000fe480000)
  from space 14336K, 60% used [0x00000000ff200000,0x00000000ffa89530,0x0000000100000000)
  to   space 13824K, 0% used [0x00000000fe480000,0x00000000fe480000,0x00000000ff200000)
 ParOldGen       total 175104K, used 11601K [0x00000000e0000000, 0x00000000eab00000, 0x00000000f5580000)
  object space 175104K, 6% used [0x00000000e0000000,0x00000000e0b54510,0x00000000eab00000)
 Metaspace       used 33877K, capacity 35338K, committed 35416K, reserved 1079296K
  class space    used 4832K, capacity 5104K, committed 5120K, reserved 1048576K
Event: 5,756 GC heap after
Heap after GC invocations=8 (full 2):
 PSYoungGen      total 160768K, used 0K [0x00000000f5580000, 0x0000000100000000, 0x0000000100000000)
  eden space 146432K, 0% used [0x00000000f5580000,0x00000000f5580000,0x00000000fe480000)
  from space 14336K, 0% used [0x00000000ff200000,0x00000000ff200000,0x0000000100000000)
  to   space 13824K, 0% used [0x00000000fe480000,0x00000000fe480000,0x00000000ff200000)
 ParOldGen       total 175104K, used 15974K [0x00000000e0000000, 0x00000000eab00000, 0x00000000f5580000)
  object space 175104K, 9% used [0x00000000e0000000,0x00000000e0f99bc0,0x00000000eab00000)
 Metaspace       used 33877K, capacity 35338K, committed 35416K, reserved 1079296K
  class space    used 4832K, capacity 5104K, committed 5120K, reserved 1048576K
}
Event: 7,119 GC heap before
{Heap before GC invocations=9 (full 2):
 PSYoungGen      total 160768K, used 146432K [0x00000000f5580000, 0x0000000100000000, 0x0000000100000000)
  eden space 146432K, 100% used [0x00000000f5580000,0x00000000fe480000,0x00000000fe480000)
  from space 14336K, 0% used [0x00000000ff200000,0x00000000ff200000,0x0000000100000000)
  to   space 13824K, 0% used [0x00000000fe480000,0x00000000fe480000,0x00000000ff200000)
 ParOldGen       total 175104K, used 15974K [0x00000000e0000000, 0x00000000eab00000, 0x00000000f5580000)
  object space 175104K, 9% used [0x00000000e0000000,0x00000000e0f99bc0,0x00000000eab00000)
 Metaspace       used 40819K, capacity 42966K, committed 43136K, reserved 1085440K
  class space    used 5864K, capacity 6251K, committed 6272K, reserved 1048576K
Event: 7,129 GC heap after
Heap after GC invocations=9 (full 2):
 PSYoungGen      total 156160K, used 9404K [0x00000000f5580000, 0x00000000ffe80000, 0x0000000100000000)
  eden space 146432K, 0% used [0x00000000f5580000,0x00000000f5580000,0x00000000fe480000)
  from space 9728K, 96% used [0x00000000fe480000,0x00000000fedaf058,0x00000000fee00000)
  to   space 13312K, 0% used [0x00000000ff180000,0x00000000ff180000,0x00000000ffe80000)
 ParOldGen       total 175104K, used 15982K [0x00000000e0000000, 0x00000000eab00000, 0x00000000f5580000)
  object space 175104K, 9% used [0x00000000e0000000,0x00000000e0f9bbc0,0x00000000eab00000)
 Metaspace       used 40819K, capacity 42966K, committed 43136K, reserved 1085440K
  class space    used 5864K, capacity 6251K, committed 6272K, reserved 1048576K
}
Event: 8,800 GC heap before
{Heap before GC invocations=10 (full 2):
 PSYoungGen      total 156160K, used 155836K [0x00000000f5580000, 0x00000000ffe80000, 0x0000000100000000)
  eden space 146432K, 100% used [0x00000000f5580000,0x00000000fe480000,0x00000000fe480000)
  from space 9728K, 96% used [0x00000000fe480000,0x00000000fedaf058,0x00000000fee00000)
  to   space 13312K, 0% used [0x00000000ff180000,0x00000000ff180000,0x00000000ffe80000)
 ParOldGen       total 175104K, used 15982K [0x00000000e0000000, 0x00000000eab00000, 0x00000000f5580000)
  object space 175104K, 9% used [0x00000000e0000000,0x00000000e0f9bbc0,0x00000000eab00000)
 Metaspace       used 49783K, capacity 52566K, committed 52864K, reserved 1093632K
  class space    used 7171K, capacity 7717K, committed 7808K, reserved 1048576K
Event: 8,815 GC heap after
Heap after GC invocations=10 (full 2):
 PSYoungGen      total 157184K, used 13306K [0x00000000f5580000, 0x0000000100000000, 0x0000000100000000)
  eden space 143872K, 0% used [0x00000000f5580000,0x00000000f5580000,0x00000000fe200000)
  from space 13312K, 99% used [0x00000000ff180000,0x00000000ffe7eb58,0x00000000ffe80000)
  to   space 15360K, 0% used [0x00000000fe200000,0x00000000fe200000,0x00000000ff100000)
 ParOldGen       total 175104K, used 17818K [0x00000000e0000000, 0x00000000eab00000, 0x00000000f5580000)
  object space 175104K, 10% used [0x00000000e0000000,0x00000000e11668d0,0x00000000eab00000)
 Metaspace       used 49783K, capacity 52566K, committed 52864K, reserved 1093632K
  class space    used 7171K, capacity 7717K, committed 7808K, reserved 1048576K
}

